2025-03-01 19:39:24,000 - Starting Autoencoder Training
2025-03-01 19:39:58,949 - Epoch [1/10], Train Loss: 0.0208, Val Loss: 0.0075
2025-03-01 19:39:58,988 - New best model saved (Val Loss: 0.0075)
2025-03-01 19:40:32,906 - Epoch [2/10], Train Loss: 0.0070, Val Loss: 0.0051
2025-03-01 19:40:32,944 - New best model saved (Val Loss: 0.0051)
2025-03-01 19:41:06,588 - Epoch [3/10], Train Loss: 0.0053, Val Loss: 0.0044
2025-03-01 19:41:06,624 - New best model saved (Val Loss: 0.0044)
2025-03-01 19:41:41,482 - Epoch [4/10], Train Loss: 0.0043, Val Loss: 0.0041
2025-03-01 19:41:41,514 - New best model saved (Val Loss: 0.0041)
2025-03-01 19:42:17,407 - Epoch [5/10], Train Loss: 0.0038, Val Loss: 0.0038
2025-03-01 19:42:17,442 - New best model saved (Val Loss: 0.0038)
2025-03-01 19:42:53,405 - Epoch [6/10], Train Loss: 0.0033, Val Loss: 0.0030
2025-03-01 19:42:53,445 - New best model saved (Val Loss: 0.0030)
2025-03-01 19:43:29,326 - Epoch [7/10], Train Loss: 0.0030, Val Loss: 0.0028
2025-03-01 19:43:29,362 - New best model saved (Val Loss: 0.0028)
2025-03-01 19:44:05,182 - Epoch [8/10], Train Loss: 0.0027, Val Loss: 0.0025
2025-03-01 19:44:05,217 - New best model saved (Val Loss: 0.0025)
2025-03-01 19:44:41,137 - Epoch [9/10], Train Loss: 0.0025, Val Loss: 0.0024
2025-03-01 19:44:41,175 - New best model saved (Val Loss: 0.0024)
2025-03-01 19:45:17,032 - Epoch [10/10], Train Loss: 0.0024, Val Loss: 0.0023
2025-03-01 19:45:17,065 - New best model saved (Val Loss: 0.0023)
2025-03-01 19:45:17,065 - Best Validation Loss: 0.0023
2025-03-01 19:45:50,768 - Train MAE: 0.0171, Val MAE: 0.0175, Test MAE: 0.0173
2025-03-01 19:45:50,768 - Autoencoder training complete
2025-03-01 19:49:26,704 - Starting Classifier Training on Frozen Encoder
2025-03-01 19:49:57,328 - Epoch [1/10], Train Loss: 0.2937, Train Acc: 0.9109, Val Acc: 0.9583
2025-03-01 19:49:57,342 - New best classifier saved! (Val Acc: 0.9583)
2025-03-01 19:50:27,685 - Epoch [2/10], Train Loss: 0.1735, Train Acc: 0.9459, Val Acc: 0.9677
2025-03-01 19:50:27,698 - New best classifier saved! (Val Acc: 0.9677)
2025-03-01 19:50:57,913 - Epoch [3/10], Train Loss: 0.1426, Train Acc: 0.9549, Val Acc: 0.9713
2025-03-01 19:50:57,927 - New best classifier saved! (Val Acc: 0.9713)
2025-03-01 19:51:28,081 - Epoch [4/10], Train Loss: 0.1225, Train Acc: 0.9610, Val Acc: 0.9758
2025-03-01 19:51:28,097 - New best classifier saved! (Val Acc: 0.9758)
2025-03-01 19:51:58,289 - Epoch [5/10], Train Loss: 0.1063, Train Acc: 0.9660, Val Acc: 0.9742
2025-03-01 19:52:28,300 - Epoch [6/10], Train Loss: 0.1022, Train Acc: 0.9679, Val Acc: 0.9764
2025-03-01 19:52:28,314 - New best classifier saved! (Val Acc: 0.9764)
2025-03-01 19:52:59,936 - Epoch [7/10], Train Loss: 0.0941, Train Acc: 0.9699, Val Acc: 0.9789
2025-03-01 19:52:59,949 - New best classifier saved! (Val Acc: 0.9789)
2025-03-01 19:53:30,392 - Epoch [8/10], Train Loss: 0.0847, Train Acc: 0.9727, Val Acc: 0.9790
2025-03-01 19:53:30,405 - New best classifier saved! (Val Acc: 0.9790)
2025-03-01 19:54:00,436 - Epoch [9/10], Train Loss: 0.0817, Train Acc: 0.9738, Val Acc: 0.9797
2025-03-01 19:54:00,450 - New best classifier saved! (Val Acc: 0.9797)
2025-03-01 19:54:30,705 - Epoch [10/10], Train Loss: 0.0765, Train Acc: 0.9753, Val Acc: 0.9799
2025-03-01 19:54:30,718 - New best classifier saved! (Val Acc: 0.9799)
2025-03-01 19:54:30,718 - Best Validation Accuracy: 0.9799
2025-03-01 19:55:02,274 - Train Accuracy: 0.9914, Val Accuracy: 0.9799, Test Accuracy: 0.9823
2025-03-01 19:55:02,274 - Classifier training complete
