2025-03-04 15:26:40,119 - Starting Joint Training of Encoder & Classifier
2025-03-04 15:26:58,078 - Epoch [1/30], Train Loss: 1.2650, Train Acc: 0.5480, Val Acc: 0.6313
2025-03-04 15:26:58,105 - New best model saved! (Val Acc: 0.6313)
2025-03-04 15:27:15,616 - Epoch [2/30], Train Loss: 0.9374, Train Acc: 0.6728, Val Acc: 0.6763
2025-03-04 15:27:15,645 - New best model saved! (Val Acc: 0.6763)
2025-03-04 15:27:33,032 - Epoch [3/30], Train Loss: 0.8126, Train Acc: 0.7186, Val Acc: 0.7114
2025-03-04 15:27:33,067 - New best model saved! (Val Acc: 0.7114)
2025-03-04 15:27:50,864 - Epoch [4/30], Train Loss: 0.7083, Train Acc: 0.7562, Val Acc: 0.7382
2025-03-04 15:27:50,897 - New best model saved! (Val Acc: 0.7382)
2025-03-04 15:28:08,575 - Epoch [5/30], Train Loss: 0.6244, Train Acc: 0.7848, Val Acc: 0.7400
2025-03-04 15:28:08,606 - New best model saved! (Val Acc: 0.7400)
2025-03-04 15:28:26,277 - Epoch [6/30], Train Loss: 0.5499, Train Acc: 0.8108, Val Acc: 0.7489
2025-03-04 15:28:26,307 - New best model saved! (Val Acc: 0.7489)
2025-03-04 15:28:43,831 - Epoch [7/30], Train Loss: 0.4878, Train Acc: 0.8322, Val Acc: 0.7437
2025-03-04 15:29:01,321 - Epoch [8/30], Train Loss: 0.4197, Train Acc: 0.8545, Val Acc: 0.7519
2025-03-04 15:29:01,354 - New best model saved! (Val Acc: 0.7519)
2025-03-04 15:29:18,806 - Epoch [9/30], Train Loss: 0.3648, Train Acc: 0.8738, Val Acc: 0.7550
2025-03-04 15:29:18,833 - New best model saved! (Val Acc: 0.7550)
2025-03-04 15:29:36,300 - Epoch [10/30], Train Loss: 0.3179, Train Acc: 0.8922, Val Acc: 0.7458
2025-03-04 15:29:53,777 - Epoch [11/30], Train Loss: 0.2714, Train Acc: 0.9076, Val Acc: 0.7562
2025-03-04 15:29:53,808 - New best model saved! (Val Acc: 0.7562)
2025-03-04 15:30:11,214 - Epoch [12/30], Train Loss: 0.2337, Train Acc: 0.9187, Val Acc: 0.7478
2025-03-04 15:30:28,596 - Epoch [13/30], Train Loss: 0.2093, Train Acc: 0.9274, Val Acc: 0.7465
2025-03-04 15:30:46,047 - Epoch [14/30], Train Loss: 0.1784, Train Acc: 0.9382, Val Acc: 0.7477
2025-03-04 15:31:03,476 - Epoch [15/30], Train Loss: 0.1621, Train Acc: 0.9449, Val Acc: 0.7517
2025-03-04 15:31:20,902 - Epoch [16/30], Train Loss: 0.1401, Train Acc: 0.9514, Val Acc: 0.7506
2025-03-04 15:31:38,260 - Epoch [17/30], Train Loss: 0.1296, Train Acc: 0.9543, Val Acc: 0.7512
2025-03-04 15:31:55,725 - Epoch [18/30], Train Loss: 0.1187, Train Acc: 0.9593, Val Acc: 0.7496
2025-03-04 15:32:13,158 - Epoch [19/30], Train Loss: 0.1100, Train Acc: 0.9619, Val Acc: 0.7508
2025-03-04 15:32:30,585 - Epoch [20/30], Train Loss: 0.0975, Train Acc: 0.9659, Val Acc: 0.7514
2025-03-04 15:32:47,999 - Epoch [21/30], Train Loss: 0.0961, Train Acc: 0.9659, Val Acc: 0.7537
2025-03-04 15:33:05,382 - Epoch [22/30], Train Loss: 0.0915, Train Acc: 0.9680, Val Acc: 0.7475
2025-03-04 15:33:22,736 - Epoch [23/30], Train Loss: 0.0885, Train Acc: 0.9696, Val Acc: 0.7493
2025-03-04 15:33:40,179 - Epoch [24/30], Train Loss: 0.0818, Train Acc: 0.9721, Val Acc: 0.7563
2025-03-04 15:33:40,211 - New best model saved! (Val Acc: 0.7563)
2025-03-04 15:33:57,635 - Epoch [25/30], Train Loss: 0.0757, Train Acc: 0.9742, Val Acc: 0.7573
2025-03-04 15:33:57,662 - New best model saved! (Val Acc: 0.7573)
2025-03-04 15:34:15,085 - Epoch [26/30], Train Loss: 0.0659, Train Acc: 0.9776, Val Acc: 0.7500
2025-03-04 15:34:32,554 - Epoch [27/30], Train Loss: 0.0730, Train Acc: 0.9753, Val Acc: 0.7429
2025-03-04 15:34:50,053 - Epoch [28/30], Train Loss: 0.0688, Train Acc: 0.9758, Val Acc: 0.7534
2025-03-04 15:35:07,464 - Epoch [29/30], Train Loss: 0.0624, Train Acc: 0.9795, Val Acc: 0.7500
2025-03-04 15:35:24,878 - Epoch [30/30], Train Loss: 0.0622, Train Acc: 0.9784, Val Acc: 0.7460
2025-03-04 15:35:42,899 - Train Accuracy: 0.9867, Val Accuracy: 0.7460, Test Accuracy: 0.7487
2025-03-04 15:35:42,899 - Joint Training Complete
