2025-03-02 13:24:03,363 - Starting Autoencoder Training
2025-03-02 13:24:23,331 - Epoch [1/100], Train Loss: 0.0596, Val Loss: 0.0412
2025-03-02 13:24:23,368 - New best model saved (Val Loss: 0.0412)
2025-03-02 13:24:42,420 - Epoch [2/100], Train Loss: 0.0349, Val Loss: 0.0303
2025-03-02 13:24:42,483 - New best model saved (Val Loss: 0.0303)
2025-03-02 13:25:01,463 - Epoch [3/100], Train Loss: 0.0288, Val Loss: 0.0264
2025-03-02 13:25:01,495 - New best model saved (Val Loss: 0.0264)
2025-03-02 13:25:20,456 - Epoch [4/100], Train Loss: 0.0251, Val Loss: 0.0223
2025-03-02 13:25:20,501 - New best model saved (Val Loss: 0.0223)
2025-03-02 13:25:39,446 - Epoch [5/100], Train Loss: 0.0232, Val Loss: 0.0223
2025-03-02 13:25:58,919 - Epoch [6/100], Train Loss: 0.0217, Val Loss: 0.0212
2025-03-02 13:25:58,956 - New best model saved (Val Loss: 0.0212)
2025-03-02 13:26:18,505 - Epoch [7/100], Train Loss: 0.0209, Val Loss: 0.0201
2025-03-02 13:26:18,559 - New best model saved (Val Loss: 0.0201)
2025-03-02 13:26:38,079 - Epoch [8/100], Train Loss: 0.0204, Val Loss: 0.0188
2025-03-02 13:26:38,114 - New best model saved (Val Loss: 0.0188)
2025-03-02 13:26:57,664 - Epoch [9/100], Train Loss: 0.0199, Val Loss: 0.0193
2025-03-02 13:27:17,220 - Epoch [10/100], Train Loss: 0.0196, Val Loss: 0.0190
2025-03-02 13:27:36,740 - Epoch [11/100], Train Loss: 0.0193, Val Loss: 0.0185
2025-03-02 13:27:36,777 - New best model saved (Val Loss: 0.0185)
2025-03-02 13:27:55,758 - Epoch [12/100], Train Loss: 0.0191, Val Loss: 0.0200
2025-03-02 13:28:15,201 - Epoch [13/100], Train Loss: 0.0188, Val Loss: 0.0186
2025-03-02 13:28:34,239 - Epoch [14/100], Train Loss: 0.0186, Val Loss: 0.0185
2025-03-02 13:28:53,207 - Epoch [15/100], Train Loss: 0.0183, Val Loss: 0.0183
2025-03-02 13:28:53,238 - New best model saved (Val Loss: 0.0183)
2025-03-02 13:29:12,185 - Epoch [16/100], Train Loss: 0.0183, Val Loss: 0.0185
2025-03-02 13:29:31,115 - Epoch [17/100], Train Loss: 0.0180, Val Loss: 0.0180
2025-03-02 13:29:31,148 - New best model saved (Val Loss: 0.0180)
2025-03-02 13:29:50,081 - Epoch [18/100], Train Loss: 0.0180, Val Loss: 0.0181
2025-03-02 13:30:09,110 - Epoch [19/100], Train Loss: 0.0178, Val Loss: 0.0180
2025-03-02 13:30:28,138 - Epoch [20/100], Train Loss: 0.0178, Val Loss: 0.0181
2025-03-02 13:30:47,195 - Epoch [21/100], Train Loss: 0.0176, Val Loss: 0.0177
2025-03-02 13:30:47,230 - New best model saved (Val Loss: 0.0177)
2025-03-02 13:31:06,270 - Epoch [22/100], Train Loss: 0.0175, Val Loss: 0.0177
2025-03-02 13:31:25,299 - Epoch [23/100], Train Loss: 0.0174, Val Loss: 0.0176
2025-03-02 13:31:25,332 - New best model saved (Val Loss: 0.0176)
2025-03-02 13:31:44,376 - Epoch [24/100], Train Loss: 0.0174, Val Loss: 0.0181
2025-03-02 13:32:03,448 - Epoch [25/100], Train Loss: 0.0173, Val Loss: 0.0176
2025-03-02 13:32:22,528 - Epoch [26/100], Train Loss: 0.0172, Val Loss: 0.0175
2025-03-02 13:32:22,569 - New best model saved (Val Loss: 0.0175)
2025-03-02 13:32:41,658 - Epoch [27/100], Train Loss: 0.0171, Val Loss: 0.0176
2025-03-02 13:33:00,734 - Epoch [28/100], Train Loss: 0.0171, Val Loss: 0.0175
2025-03-02 13:33:00,770 - New best model saved (Val Loss: 0.0175)
2025-03-02 13:33:19,815 - Epoch [29/100], Train Loss: 0.0170, Val Loss: 0.0175
2025-03-02 13:33:38,839 - Epoch [30/100], Train Loss: 0.0170, Val Loss: 0.0178
2025-03-02 13:33:57,859 - Epoch [31/100], Train Loss: 0.0169, Val Loss: 0.0174
2025-03-02 13:33:57,897 - New best model saved (Val Loss: 0.0174)
2025-03-02 13:34:16,914 - Epoch [32/100], Train Loss: 0.0168, Val Loss: 0.0180
2025-03-02 13:34:35,939 - Epoch [33/100], Train Loss: 0.0167, Val Loss: 0.0175
2025-03-02 13:34:54,973 - Epoch [34/100], Train Loss: 0.0167, Val Loss: 0.0175
2025-03-02 13:35:14,025 - Epoch [35/100], Train Loss: 0.0167, Val Loss: 0.0176
2025-03-02 13:35:33,085 - Epoch [36/100], Train Loss: 0.0166, Val Loss: 0.0180
2025-03-02 13:35:52,163 - Epoch [37/100], Train Loss: 0.0166, Val Loss: 0.0175
2025-03-02 13:36:11,248 - Epoch [38/100], Train Loss: 0.0165, Val Loss: 0.0177
2025-03-02 13:36:30,332 - Epoch [39/100], Train Loss: 0.0165, Val Loss: 0.0177
2025-03-02 13:36:49,424 - Epoch [40/100], Train Loss: 0.0164, Val Loss: 0.0175
2025-03-02 13:37:08,463 - Epoch [41/100], Train Loss: 0.0164, Val Loss: 0.0178
2025-03-02 13:37:27,497 - Epoch [42/100], Train Loss: 0.0163, Val Loss: 0.0177
2025-03-02 13:37:46,529 - Epoch [43/100], Train Loss: 0.0163, Val Loss: 0.0175
2025-03-02 13:38:05,537 - Epoch [44/100], Train Loss: 0.0162, Val Loss: 0.0176
2025-03-02 13:38:24,580 - Epoch [45/100], Train Loss: 0.0162, Val Loss: 0.0175
2025-03-02 13:38:43,606 - Epoch [46/100], Train Loss: 0.0161, Val Loss: 0.0175
2025-03-02 13:39:02,659 - Epoch [47/100], Train Loss: 0.0161, Val Loss: 0.0180
2025-03-02 13:39:21,624 - Epoch [48/100], Train Loss: 0.0161, Val Loss: 0.0175
2025-03-02 13:39:40,696 - Epoch [49/100], Train Loss: 0.0161, Val Loss: 0.0175
2025-03-02 13:39:59,765 - Epoch [50/100], Train Loss: 0.0161, Val Loss: 0.0178
2025-03-02 13:40:18,848 - Epoch [51/100], Train Loss: 0.0160, Val Loss: 0.0175
2025-03-02 13:40:37,904 - Epoch [52/100], Train Loss: 0.0160, Val Loss: 0.0175
2025-03-02 13:40:56,960 - Epoch [53/100], Train Loss: 0.0159, Val Loss: 0.0175
2025-03-02 13:41:15,996 - Epoch [54/100], Train Loss: 0.0159, Val Loss: 0.0175
2025-03-02 13:41:35,032 - Epoch [55/100], Train Loss: 0.0159, Val Loss: 0.0175
2025-03-02 13:41:54,046 - Epoch [56/100], Train Loss: 0.0158, Val Loss: 0.0177
2025-03-02 13:42:13,069 - Epoch [57/100], Train Loss: 0.0159, Val Loss: 0.0176
2025-03-02 13:42:32,116 - Epoch [58/100], Train Loss: 0.0158, Val Loss: 0.0175
2025-03-02 13:42:51,144 - Epoch [59/100], Train Loss: 0.0158, Val Loss: 0.0176
2025-03-02 13:43:10,182 - Epoch [60/100], Train Loss: 0.0158, Val Loss: 0.0176
2025-03-02 13:43:29,243 - Epoch [61/100], Train Loss: 0.0158, Val Loss: 0.0175
2025-03-02 13:43:48,308 - Epoch [62/100], Train Loss: 0.0157, Val Loss: 0.0177
2025-03-02 13:44:07,388 - Epoch [63/100], Train Loss: 0.0157, Val Loss: 0.0175
2025-03-02 13:44:26,484 - Epoch [64/100], Train Loss: 0.0157, Val Loss: 0.0176
2025-03-02 13:44:45,531 - Epoch [65/100], Train Loss: 0.0156, Val Loss: 0.0175
2025-03-02 13:45:04,529 - Epoch [66/100], Train Loss: 0.0156, Val Loss: 0.0176
2025-03-02 13:45:23,491 - Epoch [67/100], Train Loss: 0.0156, Val Loss: 0.0175
2025-03-02 13:45:42,433 - Epoch [68/100], Train Loss: 0.0156, Val Loss: 0.0176
2025-03-02 13:46:01,388 - Epoch [69/100], Train Loss: 0.0155, Val Loss: 0.0176
2025-03-02 13:46:20,315 - Epoch [70/100], Train Loss: 0.0155, Val Loss: 0.0177
2025-03-02 13:46:39,235 - Epoch [71/100], Train Loss: 0.0155, Val Loss: 0.0176
2025-03-02 13:46:58,187 - Epoch [72/100], Train Loss: 0.0155, Val Loss: 0.0176
2025-03-02 13:47:17,129 - Epoch [73/100], Train Loss: 0.0155, Val Loss: 0.0178
2025-03-02 13:47:36,065 - Epoch [74/100], Train Loss: 0.0154, Val Loss: 0.0176
2025-03-02 13:47:55,020 - Epoch [75/100], Train Loss: 0.0154, Val Loss: 0.0176
2025-03-02 13:48:13,985 - Epoch [76/100], Train Loss: 0.0154, Val Loss: 0.0176
2025-03-02 13:48:32,996 - Epoch [77/100], Train Loss: 0.0154, Val Loss: 0.0176
2025-03-02 13:48:52,023 - Epoch [78/100], Train Loss: 0.0154, Val Loss: 0.0177
2025-03-02 13:49:11,076 - Epoch [79/100], Train Loss: 0.0154, Val Loss: 0.0177
2025-03-02 13:49:30,104 - Epoch [80/100], Train Loss: 0.0153, Val Loss: 0.0176
2025-03-02 13:49:49,141 - Epoch [81/100], Train Loss: 0.0153, Val Loss: 0.0177
2025-03-02 13:50:08,128 - Epoch [82/100], Train Loss: 0.0153, Val Loss: 0.0176
2025-03-02 13:50:27,075 - Epoch [83/100], Train Loss: 0.0153, Val Loss: 0.0177
2025-03-02 13:50:46,040 - Epoch [84/100], Train Loss: 0.0152, Val Loss: 0.0175
2025-03-02 13:51:05,132 - Epoch [85/100], Train Loss: 0.0152, Val Loss: 0.0177
2025-03-02 13:51:24,217 - Epoch [86/100], Train Loss: 0.0153, Val Loss: 0.0177
2025-03-02 13:51:43,289 - Epoch [87/100], Train Loss: 0.0152, Val Loss: 0.0176
2025-03-02 13:52:02,370 - Epoch [88/100], Train Loss: 0.0152, Val Loss: 0.0177
2025-03-02 13:52:21,438 - Epoch [89/100], Train Loss: 0.0152, Val Loss: 0.0177
2025-03-02 13:52:40,482 - Epoch [90/100], Train Loss: 0.0152, Val Loss: 0.0177
2025-03-02 13:52:59,441 - Epoch [91/100], Train Loss: 0.0151, Val Loss: 0.0177
2025-03-02 13:53:18,426 - Epoch [92/100], Train Loss: 0.0151, Val Loss: 0.0177
2025-03-02 13:53:37,448 - Epoch [93/100], Train Loss: 0.0151, Val Loss: 0.0178
2025-03-02 13:53:56,416 - Epoch [94/100], Train Loss: 0.0151, Val Loss: 0.0177
2025-03-02 13:54:15,385 - Epoch [95/100], Train Loss: 0.0151, Val Loss: 0.0178
2025-03-02 13:54:34,335 - Epoch [96/100], Train Loss: 0.0151, Val Loss: 0.0177
2025-03-02 13:54:53,313 - Epoch [97/100], Train Loss: 0.0150, Val Loss: 0.0177
2025-03-02 13:55:12,295 - Epoch [98/100], Train Loss: 0.0151, Val Loss: 0.0177
2025-03-02 13:55:31,270 - Epoch [99/100], Train Loss: 0.0150, Val Loss: 0.0178
2025-03-02 13:55:50,244 - Epoch [100/100], Train Loss: 0.0150, Val Loss: 0.0177
2025-03-02 13:55:50,245 - Best Validation Loss: 0.0174
2025-03-02 13:56:09,142 - Train MAE: 0.0845, Val MAE: 0.0925, Test MAE: 0.0922
2025-03-02 13:56:09,142 - Autoencoder training complete
2025-03-02 14:00:32,523 - Starting Classifier Training on Frozen Encoder
2025-03-02 14:00:48,944 - Epoch [1/100], Train Loss: 1.6596, Train Acc: 0.4079, Val Acc: 0.4699
2025-03-02 14:00:48,959 - New best classifier saved! (Val Acc: 0.4699)
2025-03-02 14:01:05,242 - Epoch [2/100], Train Loss: 1.4633, Train Acc: 0.4795, Val Acc: 0.4969
2025-03-02 14:01:05,254 - New best classifier saved! (Val Acc: 0.4969)
2025-03-02 14:01:21,456 - Epoch [3/100], Train Loss: 1.3786, Train Acc: 0.5047, Val Acc: 0.5054
2025-03-02 14:01:21,469 - New best classifier saved! (Val Acc: 0.5054)
2025-03-02 14:01:37,711 - Epoch [4/100], Train Loss: 1.3213, Train Acc: 0.5256, Val Acc: 0.5228
2025-03-02 14:01:37,723 - New best classifier saved! (Val Acc: 0.5228)
2025-03-02 14:01:53,994 - Epoch [5/100], Train Loss: 1.2757, Train Acc: 0.5430, Val Acc: 0.5339
2025-03-02 14:01:54,007 - New best classifier saved! (Val Acc: 0.5339)
2025-03-02 14:02:10,180 - Epoch [6/100], Train Loss: 1.2400, Train Acc: 0.5501, Val Acc: 0.5322
2025-03-02 14:02:26,388 - Epoch [7/100], Train Loss: 1.2054, Train Acc: 0.5680, Val Acc: 0.5365
2025-03-02 14:02:26,400 - New best classifier saved! (Val Acc: 0.5365)
2025-03-02 14:02:42,596 - Epoch [8/100], Train Loss: 1.1794, Train Acc: 0.5775, Val Acc: 0.5503
2025-03-02 14:02:42,610 - New best classifier saved! (Val Acc: 0.5503)
2025-03-02 14:02:58,776 - Epoch [9/100], Train Loss: 1.1543, Train Acc: 0.5858, Val Acc: 0.5498
2025-03-02 14:03:14,985 - Epoch [10/100], Train Loss: 1.1347, Train Acc: 0.5939, Val Acc: 0.5492
2025-03-02 14:03:31,175 - Epoch [11/100], Train Loss: 1.1099, Train Acc: 0.6043, Val Acc: 0.5565
2025-03-02 14:03:31,190 - New best classifier saved! (Val Acc: 0.5565)
2025-03-02 14:03:47,371 - Epoch [12/100], Train Loss: 1.0929, Train Acc: 0.6065, Val Acc: 0.5527
2025-03-02 14:04:03,562 - Epoch [13/100], Train Loss: 1.0774, Train Acc: 0.6131, Val Acc: 0.5595
2025-03-02 14:04:03,575 - New best classifier saved! (Val Acc: 0.5595)
2025-03-02 14:04:19,730 - Epoch [14/100], Train Loss: 1.0612, Train Acc: 0.6177, Val Acc: 0.5589
2025-03-02 14:04:35,930 - Epoch [15/100], Train Loss: 1.0451, Train Acc: 0.6246, Val Acc: 0.5546
2025-03-02 14:04:52,108 - Epoch [16/100], Train Loss: 1.0359, Train Acc: 0.6276, Val Acc: 0.5555
2025-03-02 14:05:08,311 - Epoch [17/100], Train Loss: 1.0162, Train Acc: 0.6333, Val Acc: 0.5575
2025-03-02 14:05:24,527 - Epoch [18/100], Train Loss: 1.0035, Train Acc: 0.6395, Val Acc: 0.5637
2025-03-02 14:05:24,540 - New best classifier saved! (Val Acc: 0.5637)
2025-03-02 14:05:40,673 - Epoch [19/100], Train Loss: 0.9912, Train Acc: 0.6458, Val Acc: 0.5640
2025-03-02 14:05:40,685 - New best classifier saved! (Val Acc: 0.5640)
2025-03-02 14:05:56,896 - Epoch [20/100], Train Loss: 0.9821, Train Acc: 0.6474, Val Acc: 0.5636
2025-03-02 14:06:13,072 - Epoch [21/100], Train Loss: 0.9767, Train Acc: 0.6492, Val Acc: 0.5647
2025-03-02 14:06:13,085 - New best classifier saved! (Val Acc: 0.5647)
2025-03-02 14:06:29,268 - Epoch [22/100], Train Loss: 0.9602, Train Acc: 0.6534, Val Acc: 0.5688
2025-03-02 14:06:29,292 - New best classifier saved! (Val Acc: 0.5688)
2025-03-02 14:06:45,607 - Epoch [23/100], Train Loss: 0.9589, Train Acc: 0.6567, Val Acc: 0.5707
2025-03-02 14:06:45,621 - New best classifier saved! (Val Acc: 0.5707)
2025-03-02 14:07:01,908 - Epoch [24/100], Train Loss: 0.9459, Train Acc: 0.6602, Val Acc: 0.5679
2025-03-02 14:07:18,241 - Epoch [25/100], Train Loss: 0.9312, Train Acc: 0.6651, Val Acc: 0.5700
2025-03-02 14:07:34,500 - Epoch [26/100], Train Loss: 0.9246, Train Acc: 0.6684, Val Acc: 0.5703
2025-03-02 14:07:50,819 - Epoch [27/100], Train Loss: 0.9245, Train Acc: 0.6692, Val Acc: 0.5717
2025-03-02 14:07:50,832 - New best classifier saved! (Val Acc: 0.5717)
2025-03-02 14:08:07,077 - Epoch [28/100], Train Loss: 0.9157, Train Acc: 0.6711, Val Acc: 0.5749
2025-03-02 14:08:07,090 - New best classifier saved! (Val Acc: 0.5749)
2025-03-02 14:08:23,348 - Epoch [29/100], Train Loss: 0.9105, Train Acc: 0.6710, Val Acc: 0.5730
2025-03-02 14:08:39,581 - Epoch [30/100], Train Loss: 0.9000, Train Acc: 0.6761, Val Acc: 0.5687
2025-03-02 14:08:55,807 - Epoch [31/100], Train Loss: 0.9027, Train Acc: 0.6758, Val Acc: 0.5751
2025-03-02 14:08:55,821 - New best classifier saved! (Val Acc: 0.5751)
2025-03-02 14:09:12,112 - Epoch [32/100], Train Loss: 0.8871, Train Acc: 0.6826, Val Acc: 0.5698
2025-03-02 14:09:28,376 - Epoch [33/100], Train Loss: 0.8853, Train Acc: 0.6818, Val Acc: 0.5774
2025-03-02 14:09:28,396 - New best classifier saved! (Val Acc: 0.5774)
2025-03-02 14:09:44,628 - Epoch [34/100], Train Loss: 0.8751, Train Acc: 0.6855, Val Acc: 0.5733
2025-03-02 14:10:00,913 - Epoch [35/100], Train Loss: 0.8740, Train Acc: 0.6846, Val Acc: 0.5750
2025-03-02 14:10:17,078 - Epoch [36/100], Train Loss: 0.8695, Train Acc: 0.6884, Val Acc: 0.5779
2025-03-02 14:10:17,091 - New best classifier saved! (Val Acc: 0.5779)
2025-03-02 14:10:33,399 - Epoch [37/100], Train Loss: 0.8563, Train Acc: 0.6927, Val Acc: 0.5745
2025-03-02 14:10:49,701 - Epoch [38/100], Train Loss: 0.8504, Train Acc: 0.6949, Val Acc: 0.5725
2025-03-02 14:11:05,933 - Epoch [39/100], Train Loss: 0.8498, Train Acc: 0.6944, Val Acc: 0.5724
2025-03-02 14:11:22,059 - Epoch [40/100], Train Loss: 0.8498, Train Acc: 0.6950, Val Acc: 0.5754
2025-03-02 14:11:38,165 - Epoch [41/100], Train Loss: 0.8416, Train Acc: 0.6984, Val Acc: 0.5775
2025-03-02 14:11:54,340 - Epoch [42/100], Train Loss: 0.8407, Train Acc: 0.6967, Val Acc: 0.5773
2025-03-02 14:12:10,441 - Epoch [43/100], Train Loss: 0.8306, Train Acc: 0.7006, Val Acc: 0.5776
2025-03-02 14:12:26,585 - Epoch [44/100], Train Loss: 0.8297, Train Acc: 0.7007, Val Acc: 0.5794
2025-03-02 14:12:26,599 - New best classifier saved! (Val Acc: 0.5794)
2025-03-02 14:12:42,743 - Epoch [45/100], Train Loss: 0.8256, Train Acc: 0.7037, Val Acc: 0.5764
2025-03-02 14:12:58,876 - Epoch [46/100], Train Loss: 0.8185, Train Acc: 0.7052, Val Acc: 0.5746
2025-03-02 14:13:15,049 - Epoch [47/100], Train Loss: 0.8190, Train Acc: 0.7064, Val Acc: 0.5701
2025-03-02 14:13:31,189 - Epoch [48/100], Train Loss: 0.8153, Train Acc: 0.7075, Val Acc: 0.5770
2025-03-02 14:13:47,365 - Epoch [49/100], Train Loss: 0.8104, Train Acc: 0.7096, Val Acc: 0.5818
2025-03-02 14:13:47,379 - New best classifier saved! (Val Acc: 0.5818)
2025-03-02 14:14:03,572 - Epoch [50/100], Train Loss: 0.8048, Train Acc: 0.7100, Val Acc: 0.5750
2025-03-02 14:14:19,726 - Epoch [51/100], Train Loss: 0.8019, Train Acc: 0.7102, Val Acc: 0.5743
2025-03-02 14:14:35,919 - Epoch [52/100], Train Loss: 0.7982, Train Acc: 0.7139, Val Acc: 0.5749
2025-03-02 14:14:52,084 - Epoch [53/100], Train Loss: 0.7957, Train Acc: 0.7124, Val Acc: 0.5755
2025-03-02 14:15:08,265 - Epoch [54/100], Train Loss: 0.7948, Train Acc: 0.7157, Val Acc: 0.5733
2025-03-02 14:15:24,473 - Epoch [55/100], Train Loss: 0.7863, Train Acc: 0.7161, Val Acc: 0.5734
2025-03-02 14:15:40,602 - Epoch [56/100], Train Loss: 0.7919, Train Acc: 0.7174, Val Acc: 0.5793
2025-03-02 14:15:56,736 - Epoch [57/100], Train Loss: 0.7811, Train Acc: 0.7185, Val Acc: 0.5767
2025-03-02 14:16:12,878 - Epoch [58/100], Train Loss: 0.7761, Train Acc: 0.7195, Val Acc: 0.5794
2025-03-02 14:16:29,015 - Epoch [59/100], Train Loss: 0.7835, Train Acc: 0.7171, Val Acc: 0.5762
2025-03-02 14:16:45,219 - Epoch [60/100], Train Loss: 0.7806, Train Acc: 0.7180, Val Acc: 0.5786
2025-03-02 14:17:01,340 - Epoch [61/100], Train Loss: 0.7662, Train Acc: 0.7245, Val Acc: 0.5799
2025-03-02 14:17:17,486 - Epoch [62/100], Train Loss: 0.7665, Train Acc: 0.7225, Val Acc: 0.5764
2025-03-02 14:17:33,637 - Epoch [63/100], Train Loss: 0.7707, Train Acc: 0.7210, Val Acc: 0.5760
2025-03-02 14:17:49,797 - Epoch [64/100], Train Loss: 0.7656, Train Acc: 0.7239, Val Acc: 0.5767
2025-03-02 14:18:05,980 - Epoch [65/100], Train Loss: 0.7530, Train Acc: 0.7286, Val Acc: 0.5771
2025-03-02 14:18:22,112 - Epoch [66/100], Train Loss: 0.7588, Train Acc: 0.7282, Val Acc: 0.5778
2025-03-02 14:18:38,251 - Epoch [67/100], Train Loss: 0.7527, Train Acc: 0.7286, Val Acc: 0.5773
2025-03-02 14:18:54,424 - Epoch [68/100], Train Loss: 0.7510, Train Acc: 0.7326, Val Acc: 0.5791
2025-03-02 14:19:10,568 - Epoch [69/100], Train Loss: 0.7506, Train Acc: 0.7302, Val Acc: 0.5786
2025-03-02 14:19:26,769 - Epoch [70/100], Train Loss: 0.7471, Train Acc: 0.7312, Val Acc: 0.5766
2025-03-02 14:19:42,890 - Epoch [71/100], Train Loss: 0.7415, Train Acc: 0.7331, Val Acc: 0.5778
2025-03-02 14:19:59,045 - Epoch [72/100], Train Loss: 0.7374, Train Acc: 0.7360, Val Acc: 0.5786
2025-03-02 14:20:15,231 - Epoch [73/100], Train Loss: 0.7442, Train Acc: 0.7311, Val Acc: 0.5754
2025-03-02 14:20:31,387 - Epoch [74/100], Train Loss: 0.7429, Train Acc: 0.7343, Val Acc: 0.5749
2025-03-02 14:20:47,533 - Epoch [75/100], Train Loss: 0.7326, Train Acc: 0.7361, Val Acc: 0.5815
2025-03-02 14:21:03,682 - Epoch [76/100], Train Loss: 0.7358, Train Acc: 0.7341, Val Acc: 0.5807
2025-03-02 14:21:19,904 - Epoch [77/100], Train Loss: 0.7397, Train Acc: 0.7342, Val Acc: 0.5823
2025-03-02 14:21:19,927 - New best classifier saved! (Val Acc: 0.5823)
2025-03-02 14:21:36,202 - Epoch [78/100], Train Loss: 0.7263, Train Acc: 0.7393, Val Acc: 0.5770
2025-03-02 14:21:52,467 - Epoch [79/100], Train Loss: 0.7297, Train Acc: 0.7381, Val Acc: 0.5807
2025-03-02 14:22:08,769 - Epoch [80/100], Train Loss: 0.7277, Train Acc: 0.7373, Val Acc: 0.5750
2025-03-02 14:22:25,054 - Epoch [81/100], Train Loss: 0.7181, Train Acc: 0.7419, Val Acc: 0.5735
2025-03-02 14:22:41,350 - Epoch [82/100], Train Loss: 0.7212, Train Acc: 0.7410, Val Acc: 0.5790
2025-03-02 14:22:57,648 - Epoch [83/100], Train Loss: 0.7214, Train Acc: 0.7394, Val Acc: 0.5756
2025-03-02 14:23:13,914 - Epoch [84/100], Train Loss: 0.7196, Train Acc: 0.7405, Val Acc: 0.5795
2025-03-02 14:23:30,147 - Epoch [85/100], Train Loss: 0.7195, Train Acc: 0.7384, Val Acc: 0.5839
2025-03-02 14:23:30,161 - New best classifier saved! (Val Acc: 0.5839)
2025-03-02 14:23:46,298 - Epoch [86/100], Train Loss: 0.7195, Train Acc: 0.7413, Val Acc: 0.5819
2025-03-02 14:24:02,434 - Epoch [87/100], Train Loss: 0.7205, Train Acc: 0.7415, Val Acc: 0.5858
2025-03-02 14:24:02,448 - New best classifier saved! (Val Acc: 0.5858)
2025-03-02 14:24:18,616 - Epoch [88/100], Train Loss: 0.7104, Train Acc: 0.7435, Val Acc: 0.5802
2025-03-02 14:24:34,755 - Epoch [89/100], Train Loss: 0.7157, Train Acc: 0.7425, Val Acc: 0.5809
2025-03-02 14:24:50,930 - Epoch [90/100], Train Loss: 0.7054, Train Acc: 0.7456, Val Acc: 0.5741
2025-03-02 14:25:07,109 - Epoch [91/100], Train Loss: 0.7039, Train Acc: 0.7461, Val Acc: 0.5752
2025-03-02 14:25:23,227 - Epoch [92/100], Train Loss: 0.7035, Train Acc: 0.7464, Val Acc: 0.5776
2025-03-02 14:25:39,420 - Epoch [93/100], Train Loss: 0.7072, Train Acc: 0.7429, Val Acc: 0.5822
2025-03-02 14:25:55,576 - Epoch [94/100], Train Loss: 0.7020, Train Acc: 0.7487, Val Acc: 0.5820
2025-03-02 14:26:11,852 - Epoch [95/100], Train Loss: 0.7019, Train Acc: 0.7491, Val Acc: 0.5794
2025-03-02 14:26:28,096 - Epoch [96/100], Train Loss: 0.7001, Train Acc: 0.7482, Val Acc: 0.5815
2025-03-02 14:26:44,331 - Epoch [97/100], Train Loss: 0.7019, Train Acc: 0.7465, Val Acc: 0.5806
2025-03-02 14:27:00,648 - Epoch [98/100], Train Loss: 0.7000, Train Acc: 0.7470, Val Acc: 0.5831
2025-03-02 14:27:16,892 - Epoch [99/100], Train Loss: 0.6900, Train Acc: 0.7513, Val Acc: 0.5782
2025-03-02 14:27:33,184 - Epoch [100/100], Train Loss: 0.6911, Train Acc: 0.7489, Val Acc: 0.5775
2025-03-02 14:27:33,184 - Best Validation Accuracy: 0.5858
2025-03-02 14:27:51,129 - Train Accuracy: 0.9213, Val Accuracy: 0.5775, Test Accuracy: 0.5832
2025-03-02 14:27:51,129 - Classifier training complete
