2025-03-04 14:57:41,713 - Starting Autoencoder Training
2025-03-04 14:58:13,150 - Epoch [1/20], Train Loss: 0.0450, Val Loss: 0.0157
2025-03-04 14:58:13,184 - New best model saved (Val Loss: 0.0157)
2025-03-04 14:58:44,348 - Epoch [2/20], Train Loss: 0.0132, Val Loss: 0.0111
2025-03-04 14:58:44,385 - New best model saved (Val Loss: 0.0111)
2025-03-04 14:59:15,373 - Epoch [3/20], Train Loss: 0.0102, Val Loss: 0.0115
2025-03-04 14:59:46,372 - Epoch [4/20], Train Loss: 0.0089, Val Loss: 0.0075
2025-03-04 14:59:46,408 - New best model saved (Val Loss: 0.0075)
2025-03-04 15:00:17,360 - Epoch [5/20], Train Loss: 0.0078, Val Loss: 0.0068
2025-03-04 15:00:17,390 - New best model saved (Val Loss: 0.0068)
2025-03-04 15:00:48,381 - Epoch [6/20], Train Loss: 0.0075, Val Loss: 0.0067
2025-03-04 15:00:48,425 - New best model saved (Val Loss: 0.0067)
2025-03-04 15:01:19,254 - Epoch [7/20], Train Loss: 0.0067, Val Loss: 0.0088
2025-03-04 15:01:50,183 - Epoch [8/20], Train Loss: 0.0065, Val Loss: 0.0061
2025-03-04 15:01:50,221 - New best model saved (Val Loss: 0.0061)
2025-03-04 15:02:21,215 - Epoch [9/20], Train Loss: 0.0061, Val Loss: 0.0057
2025-03-04 15:02:21,306 - New best model saved (Val Loss: 0.0057)
2025-03-04 15:02:52,258 - Epoch [10/20], Train Loss: 0.0058, Val Loss: 0.0057
2025-03-04 15:02:52,296 - New best model saved (Val Loss: 0.0057)
2025-03-04 15:03:23,236 - Epoch [11/20], Train Loss: 0.0056, Val Loss: 0.0057
2025-03-04 15:03:54,109 - Epoch [12/20], Train Loss: 0.0053, Val Loss: 0.0050
2025-03-04 15:03:54,147 - New best model saved (Val Loss: 0.0050)
2025-03-04 15:04:25,050 - Epoch [13/20], Train Loss: 0.0052, Val Loss: 0.0046
2025-03-04 15:04:25,091 - New best model saved (Val Loss: 0.0046)
2025-03-04 15:04:56,035 - Epoch [14/20], Train Loss: 0.0050, Val Loss: 0.0047
2025-03-04 15:05:26,940 - Epoch [15/20], Train Loss: 0.0050, Val Loss: 0.0047
2025-03-04 15:05:57,910 - Epoch [16/20], Train Loss: 0.0048, Val Loss: 0.0048
2025-03-04 15:06:28,949 - Epoch [17/20], Train Loss: 0.0045, Val Loss: 0.0046
2025-03-04 15:06:28,989 - New best model saved (Val Loss: 0.0046)
2025-03-04 15:07:00,087 - Epoch [18/20], Train Loss: 0.0045, Val Loss: 0.0049
2025-03-04 15:07:31,455 - Epoch [19/20], Train Loss: 0.0044, Val Loss: 0.0044
2025-03-04 15:07:31,508 - New best model saved (Val Loss: 0.0044)
2025-03-04 15:08:02,753 - Epoch [20/20], Train Loss: 0.0042, Val Loss: 0.0043
2025-03-04 15:08:02,785 - New best model saved (Val Loss: 0.0043)
2025-03-04 15:08:02,786 - Best Validation Loss: 0.0043
2025-03-04 15:08:07,250 - Test reconstruction MAE: 0.0042
2025-03-04 15:08:07,250 - Autoencoder training complete
2025-03-04 15:11:29,249 - Starting Classifier Training on Frozen Encoder
2025-03-04 15:11:56,625 - Epoch [1/20], Train Loss: 0.2001, Train Acc: 0.9416, Val Acc: 0.9732
2025-03-04 15:11:56,646 - New best classifier saved! (Val Acc: 0.9732)
2025-03-04 15:12:23,972 - Epoch [2/20], Train Loss: 0.0980, Train Acc: 0.9698, Val Acc: 0.9751
2025-03-04 15:12:23,989 - New best classifier saved! (Val Acc: 0.9751)
2025-03-04 15:12:51,396 - Epoch [3/20], Train Loss: 0.0772, Train Acc: 0.9757, Val Acc: 0.9822
2025-03-04 15:12:51,410 - New best classifier saved! (Val Acc: 0.9822)
2025-03-04 15:13:18,735 - Epoch [4/20], Train Loss: 0.0667, Train Acc: 0.9787, Val Acc: 0.9803
2025-03-04 15:13:46,041 - Epoch [5/20], Train Loss: 0.0579, Train Acc: 0.9809, Val Acc: 0.9834
2025-03-04 15:13:46,054 - New best classifier saved! (Val Acc: 0.9834)
2025-03-04 15:14:13,252 - Epoch [6/20], Train Loss: 0.0541, Train Acc: 0.9825, Val Acc: 0.9820
2025-03-04 15:14:40,634 - Epoch [7/20], Train Loss: 0.0504, Train Acc: 0.9834, Val Acc: 0.9835
2025-03-04 15:14:40,647 - New best classifier saved! (Val Acc: 0.9835)
2025-03-04 15:15:07,848 - Epoch [8/20], Train Loss: 0.0440, Train Acc: 0.9858, Val Acc: 0.9833
2025-03-04 15:15:35,073 - Epoch [9/20], Train Loss: 0.0415, Train Acc: 0.9866, Val Acc: 0.9856
2025-03-04 15:15:35,087 - New best classifier saved! (Val Acc: 0.9856)
2025-03-04 15:16:02,391 - Epoch [10/20], Train Loss: 0.0396, Train Acc: 0.9874, Val Acc: 0.9849
2025-03-04 15:16:29,759 - Epoch [11/20], Train Loss: 0.0380, Train Acc: 0.9870, Val Acc: 0.9846
2025-03-04 15:16:57,559 - Epoch [12/20], Train Loss: 0.0312, Train Acc: 0.9896, Val Acc: 0.9851
2025-03-04 15:17:25,140 - Epoch [13/20], Train Loss: 0.0344, Train Acc: 0.9884, Val Acc: 0.9858
2025-03-04 15:17:25,154 - New best classifier saved! (Val Acc: 0.9858)
2025-03-04 15:17:52,477 - Epoch [14/20], Train Loss: 0.0305, Train Acc: 0.9897, Val Acc: 0.9848
2025-03-04 15:18:19,711 - Epoch [15/20], Train Loss: 0.0280, Train Acc: 0.9902, Val Acc: 0.9859
2025-03-04 15:18:19,725 - New best classifier saved! (Val Acc: 0.9859)
2025-03-04 15:18:47,470 - Epoch [16/20], Train Loss: 0.0280, Train Acc: 0.9904, Val Acc: 0.9862
2025-03-04 15:18:47,483 - New best classifier saved! (Val Acc: 0.9862)
2025-03-04 15:19:14,799 - Epoch [17/20], Train Loss: 0.0238, Train Acc: 0.9919, Val Acc: 0.9872
2025-03-04 15:19:14,813 - New best classifier saved! (Val Acc: 0.9872)
2025-03-04 15:19:42,189 - Epoch [18/20], Train Loss: 0.0263, Train Acc: 0.9908, Val Acc: 0.9863
2025-03-04 15:20:09,324 - Epoch [19/20], Train Loss: 0.0235, Train Acc: 0.9920, Val Acc: 0.9873
2025-03-04 15:20:09,341 - New best classifier saved! (Val Acc: 0.9873)
2025-03-04 15:20:37,045 - Epoch [20/20], Train Loss: 0.0236, Train Acc: 0.9922, Val Acc: 0.9839
2025-03-04 15:20:37,045 - Best Validation Accuracy: 0.9873
2025-03-04 15:21:07,088 - Train Accuracy: 0.9980, Val Accuracy: 0.9839, Test Accuracy: 0.9851
2025-03-04 15:21:07,088 - Classifier training complete
