2025-03-01 21:53:52,127 - Starting Contrastive Learning with SimCLR
2025-03-01 21:56:41,904 - Epoch [1/10], Train Loss: 3.0669, Val Loss: 2.9485
2025-03-01 21:56:41,924 - New best encoder saved (Val Loss: 2.9485)
2025-03-01 21:59:30,740 - Epoch [2/10], Train Loss: 2.8421, Val Loss: 2.8482
2025-03-01 21:59:30,759 - New best encoder saved (Val Loss: 2.8482)
2025-03-01 22:02:27,281 - Epoch [3/10], Train Loss: 2.7619, Val Loss: 2.7852
2025-03-01 22:02:27,298 - New best encoder saved (Val Loss: 2.7852)
2025-03-01 22:05:23,954 - Epoch [4/10], Train Loss: 2.7269, Val Loss: 2.7495
2025-03-01 22:05:23,972 - New best encoder saved (Val Loss: 2.7495)
2025-03-01 22:08:20,501 - Epoch [5/10], Train Loss: 2.6937, Val Loss: 2.7441
2025-03-01 22:08:20,524 - New best encoder saved (Val Loss: 2.7441)
2025-03-01 22:11:17,162 - Epoch [6/10], Train Loss: 2.6712, Val Loss: 2.6932
2025-03-01 22:11:17,185 - New best encoder saved (Val Loss: 2.6932)
2025-03-01 22:14:13,723 - Epoch [7/10], Train Loss: 2.6483, Val Loss: 2.7001
2025-03-01 22:17:10,377 - Epoch [8/10], Train Loss: 2.6306, Val Loss: 2.6734
2025-03-01 22:17:10,399 - New best encoder saved (Val Loss: 2.6734)
2025-03-01 22:20:07,024 - Epoch [9/10], Train Loss: 2.6128, Val Loss: 2.6622
2025-03-01 22:20:07,044 - New best encoder saved (Val Loss: 2.6622)
2025-03-01 22:23:03,612 - Epoch [10/10], Train Loss: 2.5993, Val Loss: 2.6577
2025-03-01 22:23:03,632 - New best encoder saved (Val Loss: 2.6577)
2025-03-01 22:23:03,632 - Contrastive Learning Complete
2025-03-01 22:26:19,277 - Starting Classifier Training on Frozen Encoder
2025-03-01 22:26:49,717 - Epoch [1/10], Train Loss: 0.2540, Train Acc: 0.9160, Val Acc: 0.9464
2025-03-01 22:26:49,729 - New best classifier saved! (Val Acc: 0.9464)
2025-03-01 22:27:19,941 - Epoch [2/10], Train Loss: 0.1767, Train Acc: 0.9419, Val Acc: 0.9613
2025-03-01 22:27:19,956 - New best classifier saved! (Val Acc: 0.9613)
2025-03-01 22:27:50,202 - Epoch [3/10], Train Loss: 0.1500, Train Acc: 0.9509, Val Acc: 0.9677
2025-03-01 22:27:50,215 - New best classifier saved! (Val Acc: 0.9677)
2025-03-01 22:28:20,377 - Epoch [4/10], Train Loss: 0.1366, Train Acc: 0.9549, Val Acc: 0.9653
2025-03-01 22:28:50,598 - Epoch [5/10], Train Loss: 0.1272, Train Acc: 0.9588, Val Acc: 0.9695
2025-03-01 22:28:50,612 - New best classifier saved! (Val Acc: 0.9695)
2025-03-01 22:29:20,776 - Epoch [6/10], Train Loss: 0.1191, Train Acc: 0.9617, Val Acc: 0.9732
2025-03-01 22:29:20,790 - New best classifier saved! (Val Acc: 0.9732)
2025-03-01 22:29:51,015 - Epoch [7/10], Train Loss: 0.1137, Train Acc: 0.9628, Val Acc: 0.9730
2025-03-01 22:30:21,199 - Epoch [8/10], Train Loss: 0.1076, Train Acc: 0.9644, Val Acc: 0.9718
2025-03-01 22:30:51,338 - Epoch [9/10], Train Loss: 0.1051, Train Acc: 0.9653, Val Acc: 0.9727
2025-03-01 22:31:21,585 - Epoch [10/10], Train Loss: 0.1010, Train Acc: 0.9665, Val Acc: 0.9748
2025-03-01 22:31:21,601 - New best classifier saved! (Val Acc: 0.9748)
2025-03-01 22:31:21,601 - Best Validation Accuracy: 0.9748
2025-03-01 22:31:53,405 - Train Accuracy: 0.9795, Val Accuracy: 0.9748, Test Accuracy: 0.9756
2025-03-01 22:31:53,405 - Classifier training complete
