2025-03-01 20:33:13,273 - Starting Joint Training of Encoder & Classifier
2025-03-01 20:33:48,735 - Epoch [1/10], Train Loss: 0.1798, Train Acc: 0.9450, Val Acc: 0.9787
2025-03-01 20:33:48,766 - New best model saved! (Val Acc: 0.9787)
2025-03-01 20:34:23,534 - Epoch [2/10], Train Loss: 0.0892, Train Acc: 0.9744, Val Acc: 0.9759
2025-03-01 20:34:58,293 - Epoch [3/10], Train Loss: 0.0700, Train Acc: 0.9793, Val Acc: 0.9827
2025-03-01 20:34:58,328 - New best model saved! (Val Acc: 0.9827)
2025-03-01 20:35:31,973 - Epoch [4/10], Train Loss: 0.0574, Train Acc: 0.9822, Val Acc: 0.9848
2025-03-01 20:35:32,003 - New best model saved! (Val Acc: 0.9848)
2025-03-01 20:36:05,409 - Epoch [5/10], Train Loss: 0.0484, Train Acc: 0.9859, Val Acc: 0.9858
2025-03-01 20:36:05,440 - New best model saved! (Val Acc: 0.9858)
2025-03-01 20:36:38,665 - Epoch [6/10], Train Loss: 0.0443, Train Acc: 0.9869, Val Acc: 0.9877
2025-03-01 20:36:38,702 - New best model saved! (Val Acc: 0.9877)
2025-03-01 20:37:11,900 - Epoch [7/10], Train Loss: 0.0397, Train Acc: 0.9881, Val Acc: 0.9888
2025-03-01 20:37:11,938 - New best model saved! (Val Acc: 0.9888)
2025-03-01 20:37:45,189 - Epoch [8/10], Train Loss: 0.0345, Train Acc: 0.9902, Val Acc: 0.9895
2025-03-01 20:37:45,218 - New best model saved! (Val Acc: 0.9895)
2025-03-01 20:38:18,769 - Epoch [9/10], Train Loss: 0.0308, Train Acc: 0.9903, Val Acc: 0.9894
2025-03-01 20:38:53,627 - Epoch [10/10], Train Loss: 0.0281, Train Acc: 0.9912, Val Acc: 0.9862
2025-03-01 20:39:27,304 - Train Accuracy: 0.9939, Val Accuracy: 0.9862, Test Accuracy: 0.9910
2025-03-01 20:39:27,304 - Joint Training Complete
